<?xml version="1.0" encoding="UTF-8"?>
<testng-results skipped="0" failed="0" total="1" passed="1">
  <reporter-output>
  </reporter-output>
  <suite name="Suite" duration-ms="24701" started-at="2019-03-07T04:34:46Z" finished-at="2019-03-07T04:35:10Z">
    <groups>
    </groups>
    <test name="Test" duration-ms="24701" started-at="2019-03-07T04:34:46Z" finished-at="2019-03-07T04:35:10Z">
      <class name="testNG.Test_TestNGDemo">
        <test-method status="PASS" signature="setUp()[pri:0, instance:testNG.Test_TestNGDemo@457e2f02]" name="setUp" is-config="true" duration-ms="12765" started-at="2019-03-07T10:04:46Z" finished-at="2019-03-07T10:04:59Z">
          <reporter-output>
          </reporter-output>
        </test-method> <!-- setUp -->
        <test-method status="PASS" signature="test()[pri:0, instance:testNG.Test_TestNGDemo@457e2f02]" name="test" duration-ms="5261" started-at="2019-03-07T10:04:59Z" finished-at="2019-03-07T10:05:04Z">
          <reporter-output>
          </reporter-output>
        </test-method> <!-- test -->
        <test-method status="PASS" signature="tearDown()[pri:0, instance:testNG.Test_TestNGDemo@457e2f02]" name="tearDown" is-config="true" duration-ms="6554" started-at="2019-03-07T10:05:04Z" finished-at="2019-03-07T10:05:10Z">
          <reporter-output>
          </reporter-output>
        </test-method> <!-- tearDown -->
      </class> <!-- testNG.Test_TestNGDemo -->
    </test> <!-- Test -->
  </suite> <!-- Suite -->
</testng-results>
